0 info it worked if it ends with ok
1 verbose cli [ 'node', '/usr/local/bin/npm', 'install', '-g', 'express' ]
2 info using npm@1.4.21
3 info using node@v0.10.30
4 verbose cache add [ 'express', null ]
5 verbose cache add name=undefined spec="express" args=["express",null]
6 verbose parsed url { protocol: null,
6 verbose parsed url   slashes: null,
6 verbose parsed url   auth: null,
6 verbose parsed url   host: null,
6 verbose parsed url   port: null,
6 verbose parsed url   hostname: null,
6 verbose parsed url   hash: null,
6 verbose parsed url   search: null,
6 verbose parsed url   query: null,
6 verbose parsed url   pathname: 'express',
6 verbose parsed url   path: 'express',
6 verbose parsed url   href: 'express' }
7 silly lockFile f3c62de4-express express
8 verbose lock express /Users/guradisu/.npm/f3c62de4-express.lock
9 silly lockFile f3c62de4-express express
10 silly lockFile f3c62de4-express express
11 verbose addNamed [ 'express', '' ]
12 verbose addNamed [ null, '*' ]
13 silly lockFile 64a534c1-express express@
14 verbose lock express@ /Users/guradisu/.npm/64a534c1-express.lock
15 silly addNameRange { name: 'express', range: '*', hasData: false }
16 verbose request where is /express
17 verbose request registry https://registry.npmjs.org/
18 verbose request id 12dc9eaf0aab750d
19 verbose url raw /express
20 verbose url resolving [ 'https://registry.npmjs.org/', './express' ]
21 verbose url resolved https://registry.npmjs.org/express
22 verbose request where is https://registry.npmjs.org/express
23 info trying registry request attempt 1 at 12:12:00
24 http GET https://registry.npmjs.org/express
25 http 200 https://registry.npmjs.org/express
26 silly registry.get cb [ 200,
26 silly registry.get   { date: 'Tue, 12 Aug 2014 16:12:00 GMT',
26 silly registry.get     server: 'CouchDB/1.5.0 (Erlang OTP/R16B03)',
26 silly registry.get     etag: '"46QIPAU8BIE5Z9VIC14TFRPCT"',
26 silly registry.get     'content-type': 'application/json',
26 silly registry.get     'cache-control': 'max-age=60',
26 silly registry.get     'content-length': '315509',
26 silly registry.get     'accept-ranges': 'bytes',
26 silly registry.get     via: '1.1 varnish',
26 silly registry.get     age: '2752',
26 silly registry.get     'x-served-by': 'cache-iad2120-IAD',
26 silly registry.get     'x-cache': 'HIT',
26 silly registry.get     'x-cache-hits': '2',
26 silly registry.get     'x-timer': 'S1407859920.524857,VS0,VE0',
26 silly registry.get     vary: 'Accept',
26 silly registry.get     'keep-alive': 'timeout=10, max=50',
26 silly registry.get     connection: 'Keep-Alive' } ]
27 silly addNameRange number 2 { name: 'express', range: '*', hasData: true }
28 silly addNameRange versions [ 'express',
28 silly addNameRange   [ '0.14.0',
28 silly addNameRange     '0.14.1',
28 silly addNameRange     '1.0.0',
28 silly addNameRange     '1.0.1',
28 silly addNameRange     '1.0.2',
28 silly addNameRange     '1.0.3',
28 silly addNameRange     '1.0.4',
28 silly addNameRange     '1.0.5',
28 silly addNameRange     '1.0.6',
28 silly addNameRange     '1.0.7',
28 silly addNameRange     '1.0.8',
28 silly addNameRange     '2.0.0',
28 silly addNameRange     '2.1.0',
28 silly addNameRange     '2.1.1',
28 silly addNameRange     '2.2.0',
28 silly addNameRange     '2.2.1',
28 silly addNameRange     '2.2.2',
28 silly addNameRange     '2.3.0',
28 silly addNameRange     '2.3.1',
28 silly addNameRange     '2.3.2',
28 silly addNameRange     '2.3.3',
28 silly addNameRange     '2.3.4',
28 silly addNameRange     '2.3.5',
28 silly addNameRange     '2.3.6',
28 silly addNameRange     '2.3.7',
28 silly addNameRange     '2.3.8',
28 silly addNameRange     '2.3.9',
28 silly addNameRange     '2.3.10',
28 silly addNameRange     '2.3.11',
28 silly addNameRange     '2.3.12',
28 silly addNameRange     '2.4.0',
28 silly addNameRange     '2.4.1',
28 silly addNameRange     '2.4.2',
28 silly addNameRange     '2.4.3',
28 silly addNameRange     '2.4.4',
28 silly addNameRange     '2.4.5',
28 silly addNameRange     '2.4.6',
28 silly addNameRange     '2.4.7',
28 silly addNameRange     '2.5.0',
28 silly addNameRange     '2.5.1',
28 silly addNameRange     '2.5.2',
28 silly addNameRange     '2.5.3',
28 silly addNameRange     '2.5.4',
28 silly addNameRange     '2.5.5',
28 silly addNameRange     '2.5.6',
28 silly addNameRange     '2.5.7',
28 silly addNameRange     '2.5.8',
28 silly addNameRange     '2.5.9',
28 silly addNameRange     '2.5.10',
28 silly addNameRange     '2.5.11',
28 silly addNameRange     '3.0.0',
28 silly addNameRange     '3.0.1',
28 silly addNameRange     '3.0.2',
28 silly addNameRange     '3.0.3',
28 silly addNameRange     '3.0.4',
28 silly addNameRange     '3.0.5',
28 silly addNameRange     '3.0.6',
28 silly addNameRange     '3.1.0',
28 silly addNameRange     '3.1.1',
28 silly addNameRange     '3.1.2',
28 silly addNameRange     '3.2.0',
28 silly addNameRange     '3.2.1',
28 silly addNameRange     '3.2.2',
28 silly addNameRange     '3.2.3',
28 silly addNameRange     '3.2.4',
28 silly addNameRange     '3.2.5',
28 silly addNameRange     '3.2.6',
28 silly addNameRange     '3.3.0',
28 silly addNameRange     '3.3.1',
28 silly addNameRange     '3.3.2',
28 silly addNameRange     '3.3.3',
28 silly addNameRange     '3.3.4',
28 silly addNameRange     '3.3.5',
28 silly addNameRange     '3.3.6',
28 silly addNameRange     '1.0.0-beta',
28 silly addNameRange     '1.0.0-beta2',
28 silly addNameRange     '1.0.0-rc',
28 silly addNameRange     '1.0.0-rc2',
28 silly addNameRange     '1.0.0-rc3',
28 silly addNameRange     '1.0.0-rc4',
28 silly addNameRange     '2.0.0-beta',
28 silly addNameRange     '2.0.0-beta2',
28 silly addNameRange     '2.0.0-beta3',
28 silly addNameRange     '2.0.0-rc',
28 silly addNameRange     '2.0.0-rc2',
28 silly addNameRange     '2.0.0-rc3',
28 silly addNameRange     '3.0.0-alpha1',
28 silly addNameRange     '3.0.0-alpha2',
28 silly addNameRange     '3.0.0-alpha3',
28 silly addNameRange     '3.0.0-alpha4',
28 silly addNameRange     '3.0.0-alpha5',
28 silly addNameRange     '3.0.0-beta1',
28 silly addNameRange     '3.0.0-beta2',
28 silly addNameRange     '3.0.0-beta3',
28 silly addNameRange     '3.0.0-beta4',
28 silly addNameRange     '3.0.0-beta6',
28 silly addNameRange     '3.0.0-beta7',
28 silly addNameRange     '3.0.0-rc1',
28 silly addNameRange     '3.0.0-rc2',
28 silly addNameRange     '3.0.0-rc3',
28 silly addNameRange     '3.0.0-rc4',
28 silly addNameRange     '3.0.0-rc5',
28 silly addNameRange     '3.3.7',
28 silly addNameRange     '3.3.8',
28 silly addNameRange     '3.4.0',
28 silly addNameRange     '3.4.1',
28 silly addNameRange     '3.4.2',
28 silly addNameRange     '3.4.3',
28 silly addNameRange     '3.4.4',
28 silly addNameRange     '3.4.5',
28 silly addNameRange     '3.4.6',
28 silly addNameRange     '3.4.7',
28 silly addNameRange     '3.4.8',
28 silly addNameRange     '4.0.0-rc1',
28 silly addNameRange     '4.0.0-rc2',
28 silly addNameRange     '3.5.0',
28 silly addNameRange     '4.0.0-rc3',
28 silly addNameRange     '4.0.0-rc4',
28 silly addNameRange     '3.5.1',
28 silly addNameRange     '4.0.0',
28 silly addNameRange     '3.5.2',
28 silly addNameRange     '4.1.0',
28 silly addNameRange     '4.1.1',
28 silly addNameRange     '3.5.3',
28 silly addNameRange     '4.1.2',
28 silly addNameRange     '3.6.0',
28 silly addNameRange     '4.2.0',
28 silly addNameRange     '3.7.0',
28 silly addNameRange     '3.8.0',
28 silly addNameRange     '4.3.0',
28 silly addNameRange     '4.3.1',
28 silly addNameRange     '3.8.1',
28 silly addNameRange     '4.3.2',
28 silly addNameRange     '3.9.0',
28 silly addNameRange     '4.4.0',
28 silly addNameRange     '4.4.1',
28 silly addNameRange     '3.10.0',
28 silly addNameRange     '3.10.1',
28 silly addNameRange     '3.10.2',
28 silly addNameRange     '3.10.3',
28 silly addNameRange     '3.10.4',
28 silly addNameRange     '4.4.2',
28 silly addNameRange     '3.10.5',
28 silly addNameRange     '4.4.3',
28 silly addNameRange     '3.11.0',
28 silly addNameRange     '4.4.4',
28 silly addNameRange     '3.12.0',
28 silly addNameRange     '3.12.1',
28 silly addNameRange     '4.4.5',
28 silly addNameRange     '3.13.0',
28 silly addNameRange     '4.5.0',
28 silly addNameRange     '4.5.1',
28 silly addNameRange     '3.14.0',
28 silly addNameRange     '4.6.0',
28 silly addNameRange     '4.6.1',
28 silly addNameRange     '3.15.0',
28 silly addNameRange     '4.7.0',
28 silly addNameRange     '3.15.1',
28 silly addNameRange     '4.7.1',
28 silly addNameRange     '3.15.2',
28 silly addNameRange     '4.7.2',
28 silly addNameRange     '4.7.3',
28 silly addNameRange     '3.15.3',
28 silly addNameRange     '4.7.4',
28 silly addNameRange     '3.16.0',
28 silly addNameRange     '4.8.0',
28 silly addNameRange     '3.16.1',
28 silly addNameRange     '4.8.1',
28 silly addNameRange     '3.16.2',
28 silly addNameRange     '4.8.2',
28 silly addNameRange     '3.16.3',
28 silly addNameRange     '3.16.4',
28 silly addNameRange     '4.8.3',
28 silly addNameRange     '3.16.5' ] ]
29 verbose addNamed [ 'express', '4.8.3' ]
30 verbose addNamed [ '4.8.3', '4.8.3' ]
31 silly lockFile a7231922-express-4-8-3 express@4.8.3
32 verbose lock express@4.8.3 /Users/guradisu/.npm/a7231922-express-4-8-3.lock
33 silly lockFile 12397f1a-js-org-express-express-4-8-3-tgz https://registry.npmjs.org/express/-/express-4.8.3.tgz
34 verbose lock https://registry.npmjs.org/express/-/express-4.8.3.tgz /Users/guradisu/.npm/12397f1a-js-org-express-express-4-8-3-tgz.lock
35 verbose addRemoteTarball [ 'https://registry.npmjs.org/express/-/express-4.8.3.tgz',
35 verbose addRemoteTarball   'a2c95b9079cda0473a04448f6b6c1e7fc20bf200' ]
36 info retry fetch attempt 1 at 12:12:00
37 verbose fetch to= /var/folders/qv/483mm3m11h99q9n_gvr41kgm0000gn/T/npm-7923-fn3q1iUD/registry.npmjs.org/express/-/express-4.8.3.tgz
38 http GET https://registry.npmjs.org/express/-/express-4.8.3.tgz
39 http 200 https://registry.npmjs.org/express/-/express-4.8.3.tgz
40 silly lockFile 12397f1a-js-org-express-express-4-8-3-tgz https://registry.npmjs.org/express/-/express-4.8.3.tgz
41 silly lockFile 12397f1a-js-org-express-express-4-8-3-tgz https://registry.npmjs.org/express/-/express-4.8.3.tgz
42 silly lockFile a7231922-express-4-8-3 express@4.8.3
43 silly lockFile a7231922-express-4-8-3 express@4.8.3
44 silly lockFile 64a534c1-express express@
45 silly lockFile 64a534c1-express express@
46 silly resolved [ { name: 'express',
46 silly resolved     description: 'Fast, unopinionated, minimalist web framework',
46 silly resolved     version: '4.8.3',
46 silly resolved     author: { name: 'TJ Holowaychuk', email: 'tj@vision-media.ca' },
46 silly resolved     contributors:
46 silly resolved      [ [Object],
46 silly resolved        [Object],
46 silly resolved        [Object],
46 silly resolved        [Object],
46 silly resolved        [Object],
46 silly resolved        [Object],
46 silly resolved        [Object] ],
46 silly resolved     keywords:
46 silly resolved      [ 'express',
46 silly resolved        'framework',
46 silly resolved        'sinatra',
46 silly resolved        'web',
46 silly resolved        'rest',
46 silly resolved        'restful',
46 silly resolved        'router',
46 silly resolved        'app',
46 silly resolved        'api' ],
46 silly resolved     repository: { type: 'git', url: 'https://github.com/visionmedia/express' },
46 silly resolved     license: 'MIT',
46 silly resolved     dependencies:
46 silly resolved      { accepts: '~1.0.7',
46 silly resolved        'buffer-crc32': '0.2.3',
46 silly resolved        debug: '1.0.4',
46 silly resolved        depd: '0.4.4',
46 silly resolved        'escape-html': '1.0.1',
46 silly resolved        finalhandler: '0.1.0',
46 silly resolved        'media-typer': '0.2.0',
46 silly resolved        methods: '1.1.0',
46 silly resolved        parseurl: '~1.3.0',
46 silly resolved        'path-to-regexp': '0.1.3',
46 silly resolved        'proxy-addr': '1.0.1',
46 silly resolved        qs: '1.2.1',
46 silly resolved        'range-parser': '1.0.0',
46 silly resolved        send: '0.8.1',
46 silly resolved        'serve-static': '~1.5.1',
46 silly resolved        'type-is': '~1.3.2',
46 silly resolved        vary: '0.1.0',
46 silly resolved        cookie: '0.1.2',
46 silly resolved        fresh: '0.2.2',
46 silly resolved        'cookie-signature': '1.0.4',
46 silly resolved        'merge-descriptors': '0.0.2',
46 silly resolved        'utils-merge': '1.0.0' },
46 silly resolved     devDependencies:
46 silly resolved      { after: '0.8.1',
46 silly resolved        istanbul: '0.3.0',
46 silly resolved        mocha: '~1.21.4',
46 silly resolved        should: '~4.0.4',
46 silly resolved        supertest: '~0.13.0',
46 silly resolved        'connect-redis': '~2.0.0',
46 silly resolved        ejs: '~1.0.0',
46 silly resolved        marked: '0.3.2',
46 silly resolved        hjs: '~0.0.6',
46 silly resolved        'body-parser': '~1.6.1',
46 silly resolved        'cookie-parser': '~1.3.1',
46 silly resolved        'express-session': '~1.7.2',
46 silly resolved        jade: '~1.5.0',
46 silly resolved        'method-override': '~2.1.1',
46 silly resolved        morgan: '~1.2.2',
46 silly resolved        multiparty: '~3.3.1',
46 silly resolved        vhost: '2.0.0' },
46 silly resolved     engines: { node: '>= 0.10.0' },
46 silly resolved     scripts:
46 silly resolved      { prepublish: 'npm prune',
46 silly resolved        test: 'mocha --require test/support/env --reporter spec --bail --check-leaks test/ test/acceptance/',
46 silly resolved        'test-cov': 'istanbul cover node_modules/mocha/bin/_mocha -- --require test/support/env --reporter dot --check-leaks test/ test/acceptance/',
46 silly resolved        'test-travis': 'istanbul cover node_modules/mocha/bin/_mocha --report lcovonly -- --require test/support/env --reporter spec --check-leaks test/ test/acceptance/' },
46 silly resolved     gitHead: '1643ae442c724e1ea14383b62675cb13c49e3f49',
46 silly resolved     bugs: { url: 'https://github.com/visionmedia/express/issues' },
46 silly resolved     homepage: 'https://github.com/visionmedia/express',
46 silly resolved     _id: 'express@4.8.3',
46 silly resolved     _shasum: 'a2c95b9079cda0473a04448f6b6c1e7fc20bf200',
46 silly resolved     _from: 'express@',
46 silly resolved     _npmVersion: '1.4.21',
46 silly resolved     _npmUser: { name: 'dougwilson', email: 'doug@somethingdoug.com' },
46 silly resolved     maintainers:
46 silly resolved      [ [Object],
46 silly resolved        [Object],
46 silly resolved        [Object],
46 silly resolved        [Object],
46 silly resolved        [Object],
46 silly resolved        [Object],
46 silly resolved        [Object] ],
46 silly resolved     dist:
46 silly resolved      { shasum: 'a2c95b9079cda0473a04448f6b6c1e7fc20bf200',
46 silly resolved        tarball: 'http://registry.npmjs.org/express/-/express-4.8.3.tgz' },
46 silly resolved     directories: {},
46 silly resolved     _resolved: 'https://registry.npmjs.org/express/-/express-4.8.3.tgz' } ]
47 info install express@4.8.3 into /usr/local/lib
48 info installOne express@4.8.3
49 verbose lib/node_modules/express unbuild
50 info preuninstall express@4.7.2
51 info uninstall express@4.7.2
52 verbose true,/usr/local/lib/node_modules,/usr/local/lib/node_modules unbuild express@4.7.2
53 info postuninstall express@4.7.2
54 verbose lib/node_modules/express unbuild
55 info preuninstall express@4.7.2
56 info uninstall express@4.7.2
57 verbose true,/usr/local/lib/node_modules,/usr/local/lib/node_modules unbuild express@4.7.2
58 info postuninstall express@4.7.2
59 error error rolling back Error: EACCES, unlink '/usr/local/lib/node_modules/express'
59 error error rolling back  express@4.8.3 { [Error: EACCES, unlink '/usr/local/lib/node_modules/express']
59 error error rolling back   errno: 3,
59 error error rolling back   code: 'EACCES',
59 error error rolling back   path: '/usr/local/lib/node_modules/express' }
60 error Error: EACCES, unlink '/usr/local/lib/node_modules/express'
60 error  { [Error: EACCES, unlink '/usr/local/lib/node_modules/express']
60 error   errno: 3,
60 error   code: 'EACCES',
60 error   path: '/usr/local/lib/node_modules/express' }
61 error Please try running this command again as root/Administrator.
62 error System Darwin 13.3.0
63 error command "node" "/usr/local/bin/npm" "install" "-g" "express"
64 error cwd /Users/guradisu/Google Drive/WorkingOn/ITP/Mashups/Work/Class9/CouchDB/server
65 error node -v v0.10.30
66 error npm -v 1.4.21
67 error path /usr/local/lib/node_modules/express
68 error code EACCES
69 error errno 3
70 error stack Error: EACCES, unlink '/usr/local/lib/node_modules/express'
71 verbose exit [ 3, true ]
